<?xml version="1.0" encoding="UTF-8"?>
<!-- Generated by org.testng.reporters.JUnitXMLReporter -->
<testsuite ignored="0" hostname="shylajabhaumik" failures="0" tests="4" name="Default test" time="3.134" errors="0" timestamp="2022-10-27T23:46:40 EDT">
  <testcase classname="com.myrestassured.testcases.User_Registration" name="user_registration" time="1.406"/>
  <testcase classname="com.myrestassured.testcases.User_Registration" name="user_registration_data_parameter" time="0.541"/>
  <testcase classname="com.myrestassured.testcases.User_Registration" name="user_registration_data_parameter" time="0.439"/>
  <testcase classname="com.myrestassured.testcases.User_Registration" name="user_registration_data_parameter" time="0.437"/>
</testsuite> <!-- Default test -->
