<?xml version="1.0" encoding="UTF-8"?>
<testng-results ignored="0" total="4" passed="4" failed="0" skipped="0">
  <reporter-output>
  </reporter-output>
  <suite started-at="2022-10-27T23:46:37 EDT" name="Default suite" finished-at="2022-10-27T23:46:40 EDT" duration-ms="3134">
    <groups>
    </groups>
    <test started-at="2022-10-27T23:46:37 EDT" name="Default test" finished-at="2022-10-27T23:46:40 EDT" duration-ms="3134">
      <class name="com.myrestassured.testcases.User_Registration">
        <test-method is-config="true" signature="URL()[pri:0, instance:com.myrestassured.testcases.User_Registration@59d016c9]" started-at="2022-10-27T23:46:37 EDT" name="URL" finished-at="2022-10-27T23:46:37 EDT" duration-ms="278" status="PASS">
          <reporter-output>
          </reporter-output>
        </test-method> <!-- URL -->
        <test-method signature="user_registration()[pri:0, instance:com.myrestassured.testcases.User_Registration@59d016c9]" started-at="2022-10-27T23:46:37 EDT" name="user_registration" finished-at="2022-10-27T23:46:38 EDT" duration-ms="1406" status="PASS">
          <reporter-output>
          </reporter-output>
        </test-method> <!-- user_registration -->
        <test-method signature="user_registration_data_parameter(java.lang.String,java.lang.String)[pri:0, instance:com.myrestassured.testcases.User_Registration@59d016c9]" started-at="2022-10-27T23:46:38 EDT" name="user_registration_data_parameter" data-provider="userData" finished-at="2022-10-27T23:46:39 EDT" duration-ms="541" status="PASS">
          <params>
            <param index="0">
              <value>
                <![CDATA[abc]]>
              </value>
            </param>
            <param index="1">
              <value>
                <![CDATA[bca]]>
              </value>
            </param>
          </params>
          <reporter-output>
          </reporter-output>
        </test-method> <!-- user_registration_data_parameter -->
        <test-method signature="user_registration_data_parameter(java.lang.String,java.lang.String)[pri:0, instance:com.myrestassured.testcases.User_Registration@59d016c9]" started-at="2022-10-27T23:46:39 EDT" name="user_registration_data_parameter" data-provider="userData" finished-at="2022-10-27T23:46:39 EDT" duration-ms="439" status="PASS">
          <params>
            <param index="0">
              <value>
                <![CDATA[bcd]]>
              </value>
            </param>
            <param index="1">
              <value>
                <![CDATA[dcb]]>
              </value>
            </param>
          </params>
          <reporter-output>
          </reporter-output>
        </test-method> <!-- user_registration_data_parameter -->
        <test-method signature="user_registration_data_parameter(java.lang.String,java.lang.String)[pri:0, instance:com.myrestassured.testcases.User_Registration@59d016c9]" started-at="2022-10-27T23:46:39 EDT" name="user_registration_data_parameter" data-provider="userData" finished-at="2022-10-27T23:46:40 EDT" duration-ms="437" status="PASS">
          <params>
            <param index="0">
              <value>
                <![CDATA[cde]]>
              </value>
            </param>
            <param index="1">
              <value>
                <![CDATA[edc]]>
              </value>
            </param>
          </params>
          <reporter-output>
          </reporter-output>
        </test-method> <!-- user_registration_data_parameter -->
      </class> <!-- com.myrestassured.testcases.User_Registration -->
    </test> <!-- Default test -->
  </suite> <!-- Default suite -->
</testng-results>
